 ***********
|  77 | 461 |
|-----+-----|
| 431 | 628 |
|-----+-----|
| 115 | 362 |
|-----+-----|
| 899 |  57 |
|-----+-----|
|  62 | 936 |
|-----+-----|
| 730 | 333 |
|-----+-----|
| 917 | 897 |
|-----+-----|
| 787 | 482 |
|-----+-----|
| 740 | 137 |
|-----+-----|
| 799 |  35 |
|-----+-----|
| 268 | 994 |
|-----+-----|
| 663 | 317 |
|-----+-----|
| 794 | 363 |
|-----+-----|
| 931 | 254 |
|-----+-----|
| 181 | 560 |
|-----+-----|
| 871 | 258 |
|-----+-----|
|  21 | 654 |
|-----+-----|
| 238 | 489 |
 ***********
